<?xml version="1.0" encoding="UTF-8"?>
<!-- Generated by org.testng.reporters.JUnitReportReporter -->
<testsuite skipped="0" hostname="DESKTOP-9BG7FDN" name="com.testng.examples.PatienLabTest" tests="1" failures="0" timestamp="18 Jan 2019 14:06:55 GMT" time="0.014" errors="0">
  <testcase name="reportpatient" time="0.014" classname="com.testng.examples.PatienLabTest"/>
</testsuite> <!-- com.testng.examples.PatienLabTest -->
