<?xml version="1.0" encoding="UTF-8"?>
<!-- Generated by org.testng.reporters.JUnitReportReporter -->
<testsuite skipped="1" hostname="DESKTOP-9BG7FDN" name="com.testng.examples.SkipTestCases" tests="2" failures="0" timestamp="26 Feb 2019 01:56:50 GMT" time="0.020" errors="0">
  <testcase name="failingTestCase" time="0.016" classname="com.testng.examples.SkipTestCases"/>
  <testcase name="substraction" time="0.004" classname="com.testng.examples.SkipTestCases">
    <skipped/>
  </testcase> <!-- substraction -->
</testsuite> <!-- com.testng.examples.SkipTestCases -->
