<?xml version="1.0" encoding="UTF-8"?>
<!-- Generated by org.testng.reporters.JUnitReportReporter -->
<testsuite skipped="0" hostname="DESKTOP-9BG7FDN" name="com.testng.examples.TestMethods" tests="1" failures="0" timestamp="24 Feb 2019 04:48:13 GMT" time="0.008" errors="0">
  <testcase name="add" time="0.008" classname="com.testng.examples.TestMethods"/>
</testsuite> <!-- com.testng.examples.TestMethods -->
