<?xml version="1.0" encoding="UTF-8"?>
<!-- Generated by org.testng.reporters.JUnitReportReporter -->
<testsuite skipped="0" hostname="DESKTOP-9BG7FDN" name="com.testng.examples.BeforeAnnotation" tests="5" failures="0" timestamp="26 Feb 2019 06:24:34 GMT" time="0.012" errors="0">
  <testcase name="test2" time="0.000" classname="com.testng.examples.BeforeAnnotation"/>
  <testcase name="test1" time="0.004" classname="com.testng.examples.BeforeAnnotation"/>
  <testcase name="test4" time="0.004" classname="com.testng.examples.BeforeAnnotation"/>
  <testcase name="test3" time="0.004" classname="com.testng.examples.BeforeAnnotation"/>
  <testcase name="test5" time="0.000" classname="com.testng.examples.BeforeAnnotation"/>
</testsuite> <!-- com.testng.examples.BeforeAnnotation -->
