<?xml version="1.0" encoding="UTF-8"?>
<!-- Generated by org.testng.reporters.JUnitReportReporter -->
<testsuite skipped="0" hostname="DESKTOP-9BG7FDN" name="com.testng.examples.TestClass1" tests="1" failures="0" timestamp="22 Feb 2019 02:08:37 GMT" time="0.020" errors="0">
  <testcase name="add" time="0.020" classname="com.testng.examples.TestClass1"/>
</testsuite> <!-- com.testng.examples.TestClass1 -->
