<?xml version="1.0" encoding="UTF-8"?>
<!-- Generated by org.testng.reporters.JUnitReportReporter -->
<testsuite skipped="0" hostname="DESKTOP-9BG7FDN" name="com.testng.examples.AnnotationExecution" tests="2" failures="0" timestamp="03 Mar 2019 06:03:16 GMT" time="0.012" errors="0">
  <testcase name="verifyHomePageTitle" time="0.004" classname="com.testng.examples.AnnotationExecution"/>
  <testcase name="verifyallLinksOnHomePage" time="0.008" classname="com.testng.examples.AnnotationExecution"/>
</testsuite> <!-- com.testng.examples.AnnotationExecution -->
