<?xml version="1.0" encoding="UTF-8"?>
<!-- Generated by org.testng.reporters.JUnitReportReporter -->
<testsuite skipped="0" hostname="DESKTOP-9BG7FDN" name="com.testng.examples.PriorityTest" tests="4" failures="0" timestamp="01 Jan 2019 13:59:31 GMT" time="0.021" errors="0">
  <testcase name="sub" time="0.015" classname="com.testng.examples.PriorityTest"/>
  <testcase name="mutiplication" time="0.003" classname="com.testng.examples.PriorityTest"/>
  <testcase name="add" time="0.002" classname="com.testng.examples.PriorityTest"/>
  <testcase name="div" time="0.001" classname="com.testng.examples.PriorityTest"/>
</testsuite> <!-- com.testng.examples.PriorityTest -->
