<?xml version="1.0" encoding="UTF-8"?>
<!-- Generated by org.testng.reporters.JUnitReportReporter -->
<testsuite skipped="0" hostname="DESKTOP-9BG7FDN" name="com.testng.examples.PatientModule" tests="1" failures="0" timestamp="18 Jan 2019 14:06:55 GMT" time="0.003" errors="0">
  <testcase name="patientadd" time="0.003" classname="com.testng.examples.PatientModule"/>
</testsuite> <!-- com.testng.examples.PatientModule -->
