<?xml version="1.0" encoding="UTF-8"?>
<!-- Generated by org.testng.reporters.JUnitReportReporter -->
<testsuite skipped="0" hostname="DESKTOP-9BG7FDN" name="com.testng.examples.DataProviderExample" tests="3" failures="0" timestamp="24 Feb 2019 07:36:44 GMT" time="86.525" errors="0">
  <testcase name="dataTest" time="18.319" classname="com.testng.examples.DataProviderExample"/>
  <testcase name="dataTest" time="44.316" classname="com.testng.examples.DataProviderExample"/>
  <testcase name="dataTest" time="23.890" classname="com.testng.examples.DataProviderExample"/>
</testsuite> <!-- com.testng.examples.DataProviderExample -->
